[debug] [2025-03-13T10:19:27.600Z] ----------------------------------------------------------------------
[debug] [2025-03-13T10:19:27.605Z] Command:       C:\nvm4w\nodejs\node.exe C:\nvm4w\nodejs\node_modules\firebase-tools\lib\bin\firebase.js init
[debug] [2025-03-13T10:19:27.605Z] CLI Version:   13.34.0
[debug] [2025-03-13T10:19:27.606Z] Platform:      win32
[debug] [2025-03-13T10:19:27.606Z] Node Version:  v18.20.7
[debug] [2025-03-13T10:19:27.608Z] Time:          Thu Mar 13 2025 15:19:27 GMT+0500 (West Kazakhstan Time)
[debug] [2025-03-13T10:19:27.609Z] ----------------------------------------------------------------------
[debug] 
[debug] [2025-03-13T10:19:27.633Z] > command requires scopes: ["email","openid","https://www.googleapis.com/auth/cloudplatformprojects.readonly","https://www.googleapis.com/auth/firebase","https://www.googleapis.com/auth/cloud-platform"]
[debug] [2025-03-13T10:19:27.634Z] > authorizing via signed-in user (salvator846@gmail.com)
[info] 
     ######## #### ########  ######## ########     ###     ######  ########
     ##        ##  ##     ## ##       ##     ##  ##   ##  ##       ##
     ######    ##  ########  ######   ########  #########  ######  ######
     ##        ##  ##    ##  ##       ##     ## ##     ##       ## ##
     ##       #### ##     ## ######## ########  ##     ##  ######  ########

You're about to initialize a Firebase project in this directory:

  C:\Users\manar\Desktop\IT\SunfoodApp

[info] 
=== Project Setup
[info] 
[info] First, let's associate this project directory with a Firebase project.
[info] You can create multiple project aliases by running firebase use --add, 
[info] but for now we'll just set up a default project.
[info] 
[debug] [2025-03-13T10:20:44.833Z] Checked if tokens are valid: true, expires at: 1741864734631
[debug] [2025-03-13T10:20:44.834Z] Checked if tokens are valid: true, expires at: 1741864734631
[debug] [2025-03-13T10:20:44.839Z] >>> [apiv2][query] GET https://firebase.googleapis.com/v1beta1/projects pageSize=100
[debug] [2025-03-13T10:20:45.645Z] <<< [apiv2][status] GET https://firebase.googleapis.com/v1beta1/projects 200
[debug] [2025-03-13T10:20:45.645Z] <<< [apiv2][body] GET https://firebase.googleapis.com/v1beta1/projects [omitted]
[info] i  Using project sunfood-35bdd (Sunfood) 
[info] 
=== Hosting Setup
[debug] [2025-03-13T10:20:48.825Z] Checked if tokens are valid: true, expires at: 1741864734631
[debug] [2025-03-13T10:20:48.825Z] Checked if tokens are valid: true, expires at: 1741864734631
[debug] [2025-03-13T10:20:48.826Z] >>> [apiv2][query] GET https://firebase.googleapis.com/v1beta1/projects/sunfood-35bdd [none]
[debug] [2025-03-13T10:20:49.251Z] <<< [apiv2][status] GET https://firebase.googleapis.com/v1beta1/projects/sunfood-35bdd 200
[debug] [2025-03-13T10:20:49.251Z] <<< [apiv2][body] GET https://firebase.googleapis.com/v1beta1/projects/sunfood-35bdd {"projectId":"sunfood-35bdd","projectNumber":"1051160275492","displayName":"Sunfood","name":"projects/sunfood-35bdd","resources":{"hostingSite":"sunfood-35bdd"},"state":"ACTIVE","etag":"1_45be71ef-c93f-4858-84e7-f170a7f8bc1f"}
[info] 
[info] Your public directory is the folder (relative to your project directory) that
[info] will contain Hosting assets to be uploaded with firebase deploy. If you
[info] have a build process for your assets, use your build's output directory.
[info] 
[info] +  Wrote build/404.html 
[debug] [2025-03-13T10:22:50.491Z] >>> [apiv2][query] GET https://www.gstatic.com/firebasejs/releases.json [none]
[debug] [2025-03-13T10:22:50.762Z] <<< [apiv2][status] GET https://www.gstatic.com/firebasejs/releases.json 200
[debug] [2025-03-13T10:22:50.762Z] <<< [apiv2][body] GET https://www.gstatic.com/firebasejs/releases.json {"current":{"version":"11.4.0","browserURL":"https://www.gstatic.com/firebasejs/11.4.0/firebase.js","packageURL":"https://www.gstatic.com/firebasejs/11.4.0/firebase.tgz"},"live":{"version":"11.4","browserURL":"https://www.gstatic.com/firebasejs/live/11.4/firebase.js","packageURL":"https://www.gstatic.com/firebasejs/live/11.4/firebase.tgz"},"components":{"analytics":"https://www.gstatic.com/firebasejs/11.4.0/firebase-analytics.js","app":"https://www.gstatic.com/firebasejs/11.4.0/firebase-app.js","app-check":"https://www.gstatic.com/firebasejs/11.4.0/firebase-app-check.js","auth":"https://www.gstatic.com/firebasejs/11.4.0/firebase-auth.js","auth/cordova":"https://www.gstatic.com/firebasejs/11.4.0/firebase-auth/cordova.js","auth/web-extension":"https://www.gstatic.com/firebasejs/11.4.0/firebase-auth/web-extension.js","functions":"https://www.gstatic.com/firebasejs/11.4.0/firebase-functions.js","firestore":"https://www.gstatic.com/firebasejs/11.4.0/firebase-firestore.js","firestore/lite":"https://www.gstatic.com/firebasejs/11.4.0/firebase-firestore/lite.js","installations":"https://www.gstatic.com/firebasejs/11.4.0/firebase-installations.js","storage":"https://www.gstatic.com/firebasejs/11.4.0/firebase-storage.js","performance":"https://www.gstatic.com/firebasejs/11.4.0/firebase-performance.js","remote-config":"https://www.gstatic.com/firebasejs/11.4.0/firebase-remote-config.js","messaging":"https://www.gstatic.com/firebasejs/11.4.0/firebase-messaging.js","messaging/sw":"https://www.gstatic.com/firebasejs/11.4.0/firebase-messaging/sw.js","database":"https://www.gstatic.com/firebasejs/11.4.0/firebase-database.js","vertexai":"https://www.gstatic.com/firebasejs/11.4.0/firebase-vertexai.js","data-connect":"https://www.gstatic.com/firebasejs/11.4.0/firebase-data-connect.js","firestore.memory":"https://www.gstatic.com/firebasejs/11.4.0/firebase-firestore.memory.js"}}
[info] +  Wrote build/index.html 
[info] 
[info] i  Detected a .git folder at C:\Users\manar 
[info] i  Authorizing with GitHub to upload your service account to a GitHub repository's secrets store. 
[info] 
[info] Visit this URL on this device to log in:
[info] https://github.com/login/oauth/authorize?client_id=89cf50f02ac6aaed3484&state=682368789&redirect_uri=http%3A%2F%2Flocalhost%3A9005&scope=read%3Auser%20repo%20public_repo
[info] 
[info] Waiting for authentication...
[debug] [2025-03-13T10:23:26.008Z] >>> [apiv2][query] POST https://github.com/login/oauth/access_token [none]
[debug] [2025-03-13T10:23:26.009Z] >>> [apiv2][body] POST https://github.com/login/oauth/access_token [stream]
[debug] [2025-03-13T10:23:26.615Z] <<< [apiv2][status] POST https://github.com/login/oauth/access_token 200
[debug] [2025-03-13T10:23:26.616Z] <<< [apiv2][body] POST https://github.com/login/oauth/access_token {"access_token":"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","token_type":"bearer","scope":"read:user,repo"}
[debug] [2025-03-13T10:23:26.624Z] >>> [apiv2][query] GET https://api.github.com/user [none]
[debug] [2025-03-13T10:23:27.184Z] <<< [apiv2][status] GET https://api.github.com/user 200
[debug] [2025-03-13T10:23:27.184Z] <<< [apiv2][body] GET https://api.github.com/user {"login":"Rustam1811","id":88942080,"node_id":"MDQ6VXNlcjg4OTQyMDgw","avatar_url":"https://avatars.githubusercontent.com/u/88942080?v=4","gravatar_id":"","url":"https://api.github.com/users/Rustam1811","html_url":"https://github.com/Rustam1811","followers_url":"https://api.github.com/users/Rustam1811/followers","following_url":"https://api.github.com/users/Rustam1811/following{/other_user}","gists_url":"https://api.github.com/users/Rustam1811/gists{/gist_id}","starred_url":"https://api.github.com/users/Rustam1811/starred{/owner}{/repo}","subscriptions_url":"https://api.github.com/users/Rustam1811/subscriptions","organizations_url":"https://api.github.com/users/Rustam1811/orgs","repos_url":"https://api.github.com/users/Rustam1811/repos","events_url":"https://api.github.com/users/Rustam1811/events{/privacy}","received_events_url":"https://api.github.com/users/Rustam1811/received_events","type":"User","user_view_type":"private","site_admin":false,"name":"Rustam Manarbekov","company":null,"blog":"","location":null,"email":"manarbekov18999@gmail.com","hireable":null,"bio":null,"twitter_username":null,"notification_email":"manarbekov18999@gmail.com","public_repos":5,"public_gists":0,"followers":0,"following":1,"created_at":"2021-08-14T16:49:02Z","updated_at":"2025-02-05T20:36:08Z","private_gists":0,"total_private_repos":3,"owned_private_repos":3,"disk_usage":23337,"collaborators":0,"two_factor_authentication":false,"plan":{"name":"free","space":976562499,"collaborators":0,"private_repos":10000}}
[info] 
[info] +  Success! Logged into GitHub as Rustam1811 
[info] 
